[ 2015-08-21T09:05:11+08:00 ] ERR: (ThinkException) 非法操作:Public
[ 2015-08-21T09:07:12+08:00 ] ERR: (ThinkException) 非法操作:Public
[ 2015-08-21T09:07:24+08:00 ] ERR: (ThinkException) 非法操作:Public
[ 2015-08-21T09:09:54+08:00 ] ERR: (ThinkException) 非法操作:Public
[ 2015-08-21T09:10:19+08:00 ] ERR: (ThinkException) 非法操作:Public
[ 2015-08-21T09:12:03+08:00 ] ERR: (ThinkException) 非法操作:Public
[ 2015-08-21T09:12:19+08:00 ] ERR: (ThinkException) 非法操作:Public
[ 2015-08-21T09:13:18+08:00 ] ERR: (ThinkException) 非法操作:Public
[ 2015-08-21T09:13:40+08:00 ] ERR: (ThinkException) 非法操作:Public
[ 2015-08-21T09:21:27+08:00 ] ERR: (ThinkException) 非法操作:Public
[ 2015-08-21T09:21:41+08:00 ] ERR: (ThinkException) 非法操作:Public
[ 2015-08-21T09:21:58+08:00 ] ERR: (ThinkException) 非法操作:Public
[ 2015-08-21T09:22:08+08:00 ] ERR: (ThinkException) 非法操作:Public
[ 2015-08-21T09:22:27+08:00 ] ERR: (ThinkException) 非法操作:Public
[ 2015-08-21T09:22:53+08:00 ] ERR: (ThinkException) 非法操作:Public
[ 2015-08-21T09:24:05+08:00 ] ERR: (ThinkException) 非法操作:Public
[ 2015-08-21T09:24:53+08:00 ] ERR: (ThinkException) 非法操作:Public
[ 2015-08-21T09:25:19+08:00 ] ERR: (ThinkException) 非法操作:Public
[ 2015-08-21T09:27:52+08:00 ] ERR: (ThinkException) 非法操作:Public
[ 2015-08-21T09:29:21+08:00 ] ERR: (ThinkException) 非法操作:Public
[ 2015-08-21T11:09:33+08:00 ] ERR: (ThinkException) 无法加载模块:css
[ 2015-08-21T11:09:33+08:00 ] ERR: (ThinkException) 无法加载模块:js
[ 2015-08-21T11:09:33+08:00 ] ERR: (ThinkException) 无法加载模块:img
[ 2015-08-21T11:09:33+08:00 ] ERR: (ThinkException) 无法加载模块:css
[ 2015-08-21T11:09:33+08:00 ] ERR: (ThinkException) 无法加载模块:css
[ 2015-08-21T11:09:33+08:00 ] ERR: (ThinkException) 无法加载模块:js
[ 2015-08-21T11:09:33+08:00 ] ERR: (ThinkException) 无法加载模块:img
[ 2015-08-21T11:09:33+08:00 ] ERR: (ThinkException) 无法加载模块:img
[ 2015-08-21T11:09:33+08:00 ] ERR: (ThinkException) 无法加载模块:img
[ 2015-08-21T11:09:33+08:00 ] ERR: (ThinkException) 无法加载模块:img
[ 2015-08-21T11:11:38+08:00 ] ERR: (ThinkException) 无法加载模块:js
[ 2015-08-21T11:11:38+08:00 ] ERR: (ThinkException) 无法加载模块:css
[ 2015-08-21T11:11:38+08:00 ] ERR: (ThinkException) 无法加载模块:css
[ 2015-08-21T11:11:38+08:00 ] ERR: (ThinkException) 无法加载模块:img
[ 2015-08-21T11:11:38+08:00 ] ERR: (ThinkException) 无法加载模块:css
[ 2015-08-21T11:11:38+08:00 ] ERR: (ThinkException) 无法加载模块:js
[ 2015-08-21T11:11:38+08:00 ] ERR: (ThinkException) 无法加载模块:img
[ 2015-08-21T11:11:38+08:00 ] ERR: (ThinkException) 无法加载模块:img
[ 2015-08-21T11:11:38+08:00 ] ERR: (ThinkException) 无法加载模块:img
[ 2015-08-21T11:11:38+08:00 ] ERR: (ThinkException) 无法加载模块:img
[ 2015-08-21T11:12:32+08:00 ] ERR: (ThinkException) 无法加载模块:img
[ 2015-08-21T11:12:32+08:00 ] ERR: (ThinkException) 无法加载模块:css
[ 2015-08-21T11:12:32+08:00 ] ERR: (ThinkException) 无法加载模块:img
[ 2015-08-21T11:12:32+08:00 ] ERR: (ThinkException) 无法加载模块:img
[ 2015-08-21T11:12:32+08:00 ] ERR: (ThinkException) 无法加载模块:img
[ 2015-08-21T11:13:10+08:00 ] ERR: (ThinkException) 无法加载模块:img
[ 2015-08-21T11:13:10+08:00 ] ERR: (ThinkException) 无法加载模块:img
[ 2015-08-21T11:13:10+08:00 ] ERR: (ThinkException) 无法加载模块:img
[ 2015-08-21T11:13:10+08:00 ] ERR: (ThinkException) 无法加载模块:img
[ 2015-08-21T11:15:23+08:00 ] ERR: (ThinkException) 无法加载模块:img
[ 2015-08-21T11:17:18+08:00 ] ERR: (ThinkException) 无法加载模块:img
[ 2015-08-21T11:27:28+08:00 ] ERR: (ThinkException) 非法操作:Public
[ 2015-08-21T11:29:11+08:00 ] ERR: (ThinkException) 非法操作:Public
[ 2015-08-21T11:29:39+08:00 ] ERR: (ThinkException) 非法操作:Public
[ 2015-08-21T11:29:55+08:00 ] ERR: (ThinkException) 非法操作:Public
[ 2015-08-21T11:30:48+08:00 ] ERR: (ThinkException) 非法操作:Public
[ 2015-08-21T11:31:06+08:00 ] ERR: (ThinkException) 非法操作:Public
[ 2015-08-21T11:32:00+08:00 ] ERR: (ThinkException) 非法操作:Public
[ 2015-08-21T11:32:36+08:00 ] ERR: (ThinkException) 非法操作:Public
[ 2015-08-21T11:32:58+08:00 ] ERR: (ThinkException) 非法操作:Public
[ 2015-08-21T11:33:26+08:00 ] ERR: (ThinkException) 非法操作:Public
[ 2015-08-21T11:34:10+08:00 ] ERR: (ThinkException) 非法操作:Public
[ 2015-08-21T11:34:32+08:00 ] ERR: (ThinkException) 非法操作:Public
[ 2015-08-21T11:35:12+08:00 ] ERR: (ThinkException) 非法操作:Public
[ 2015-08-21T11:35:26+08:00 ] ERR: (ThinkException) 非法操作:Public
[ 2015-08-21T11:36:19+08:00 ] ERR: (ThinkException) 非法操作:Public
[ 2015-08-21T11:39:23+08:00 ] ERR: (ThinkException) 非法操作:Public
[ 2015-08-21T11:39:50+08:00 ] ERR: (ThinkException) 非法操作:Public
[ 2015-08-21T11:40:09+08:00 ] ERR: (ThinkException) 非法操作:Public
[ 2015-08-21T11:40:22+08:00 ] ERR: (ThinkException) 非法操作:Public
[ 2015-08-21T11:40:32+08:00 ] ERR: (ThinkException) 非法操作:Public
[ 2015-08-21T11:56:08+08:00 ] ERR: (ThinkException) 非法操作:Public
[ 2015-08-21T15:30:30+08:00 ] ERR: (ThinkException) 非法操作:Public
[ 2015-08-21T15:33:01+08:00 ] ERR: (ThinkException) 非法操作:Public
[ 2015-08-21T15:33:24+08:00 ] ERR: (ThinkException) 非法操作:Public
[ 2015-08-21T15:38:37+08:00 ] ERR: (ThinkException) 非法操作:Public
[ 2015-08-21T15:38:44+08:00 ] ERR: (ThinkException) 非法操作:Public
[ 2015-08-21T15:42:27+08:00 ] ERR: (ThinkException) 非法操作:Public
[ 2015-08-21T15:44:40+08:00 ] ERR: (ThinkException) 非法操作:Public
[ 2015-08-21T15:44:42+08:00 ] ERR: (ThinkException) 非法操作:Public
[ 2015-08-21T16:59:59+08:00 ] ERR: (ThinkException) 非法操作:Public
[ 2015-08-21T17:06:04+08:00 ] ERR: (ThinkException) 模板不存在[./Home/Tpl/Index/option.html]
[ 2015-08-21T17:06:24+08:00 ] ERR: (ThinkException) 无法加载模块:img
[ 2015-08-21T17:06:24+08:00 ] ERR: (ThinkException) 无法加载模块:img
[ 2015-08-21T17:06:24+08:00 ] ERR: (ThinkException) 无法加载模块:img
[ 2015-08-21T17:06:24+08:00 ] ERR: (ThinkException) 无法加载模块:img
[ 2015-08-21T17:06:24+08:00 ] ERR: (ThinkException) 无法加载模块:img
[ 2015-08-21T17:14:22+08:00 ] ERR: (ThinkException) 无法加载模块:img
[ 2015-08-21T17:14:22+08:00 ] ERR: (ThinkException) 无法加载模块:img
[ 2015-08-21T17:14:22+08:00 ] ERR: (ThinkException) 无法加载模块:img
[ 2015-08-21T17:14:22+08:00 ] ERR: (ThinkException) 无法加载模块:img
[ 2015-08-21T17:15:11+08:00 ] ERR: (ThinkException) 无法加载模块:img
[ 2015-08-21T17:15:46+08:00 ] ERR: (ThinkException) 无法加载模块:img
[ 2015-08-21T17:17:32+08:00 ] ERR: (ThinkException) 无法加载模块:img
